<?xml version="1.0" encoding="UTF-8"?>
<!-- Generated by org.testng.reporters.JUnitReportReporter -->
<testsuite hostname="kalpesh16" failures="0" tests="6" name="Testng.Selenium.Demo.TestngGroups" time="5.575" errors="0" timestamp="23 Sep 2021 13:25:02 GMT" skipped="0">
  <testcase classname="Testng.Selenium.Demo.TestngGroups" name="launchBrowser" time="3.884"/>
  <testcase classname="Testng.Selenium.Demo.TestngGroups" name="verifyCreateNewAccountField" time="0.195"/>
  <testcase classname="Testng.Selenium.Demo.TestngGroups" name="verifyFirstNameField" time="0.697"/>
  <testcase classname="Testng.Selenium.Demo.TestngGroups" name="verifyMobileNoField" time="0.242"/>
  <testcase classname="Testng.Selenium.Demo.TestngGroups" name="verifyDOBField" time="0.340"/>
  <testcase classname="Testng.Selenium.Demo.TestngGroups" name="terminateBrowser" time="0.217"/>
</testsuite> <!-- Testng.Selenium.Demo.TestngGroups -->
