<?xml version="1.0" encoding="UTF-8"?>
<!-- Generated by org.testng.reporters.JUnitReportReporter -->
<testsuite hostname="kalpesh16" failures="0" tests="8" name="Testng.Selenium.Demo.TestNGDemoFacebook" time="1.322" errors="0" timestamp="23 Sep 2021 13:07:58 GMT" skipped="0">
  <testcase classname="Testng.Selenium.Demo.TestNGDemoFacebook" name="verifyCreateNewAccountField" time="0.170"/>
  <testcase classname="Testng.Selenium.Demo.TestNGDemoFacebook" name="verifyMobileNoField" time="0.136"/>
  <testcase classname="Testng.Selenium.Demo.TestNGDemoFacebook" name="verifyFirstNameField" time="0.178"/>
  <testcase classname="Testng.Selenium.Demo.TestNGDemoFacebook" name="verifyLastNameField" time="0.138"/>
  <testcase classname="Testng.Selenium.Demo.TestNGDemoFacebook" name="verifyPasswordField" time="0.135"/>
  <testcase classname="Testng.Selenium.Demo.TestNGDemoFacebook" name="verifyDOBField" time="0.304"/>
  <testcase classname="Testng.Selenium.Demo.TestNGDemoFacebook" name="verifyGenderField" time="0.143"/>
  <testcase classname="Testng.Selenium.Demo.TestNGDemoFacebook" name="logIn" time="0.118"/>
</testsuite> <!-- Testng.Selenium.Demo.TestNGDemoFacebook -->
