<?xml version="1.0" encoding="UTF-8"?>
<!-- Generated by org.testng.reporters.JUnitReportReporter -->
<testsuite hostname="kalpesh16" failures="0" tests="2" name="Testng.Selenium.Demo.BSuitsASuits" time="0.004" errors="0" timestamp="22 Sep 2021 13:28:03 GMT" skipped="0">
  <testcase classname="Testng.Selenium.Demo.BSuitsASuits" name="afterSuite1" time="0.002"/>
  <testcase classname="Testng.Selenium.Demo.BSuitsASuits" name="beforeSuite1" time="0.002"/>
</testsuite> <!-- Testng.Selenium.Demo.BSuitsASuits -->
