<?xml version="1.0" encoding="UTF-8"?>
<!-- Generated by org.testng.reporters.JUnitReportReporter -->
<testsuite hostname="kalpesh16" failures="0" tests="2" name="Testng.Selenium.Demo.BSuitsASuits" time="0.022" errors="0" timestamp="23 Sep 2021 13:07:58 GMT" skipped="0">
  <testcase classname="Testng.Selenium.Demo.BSuitsASuits" name="afterSuite1" time="0.014"/>
  <testcase classname="Testng.Selenium.Demo.BSuitsASuits" name="beforeSuite1" time="0.008"/>
</testsuite> <!-- Testng.Selenium.Demo.BSuitsASuits -->
