<?xml version="1.0" encoding="UTF-8"?>
<!-- Generated by org.testng.reporters.JUnitReportReporter -->
<testsuite hostname="kalpesh16" failures="0" tests="8" name="Testng.Selenium.Demo.TestNGDemo" time="1.692" errors="0" timestamp="20 Sep 2021 14:21:40 GMT" skipped="0">
  <testcase classname="Testng.Selenium.Demo.TestNGDemo" name="verifyCreateNewAccountField" time="0.159"/>
  <testcase classname="Testng.Selenium.Demo.TestNGDemo" name="verifyFirstNameField" time="0.608"/>
  <testcase classname="Testng.Selenium.Demo.TestNGDemo" name="verifyLastNameField" time="0.122"/>
  <testcase classname="Testng.Selenium.Demo.TestNGDemo" name="verifyMobileNoField" time="0.119"/>
  <testcase classname="Testng.Selenium.Demo.TestNGDemo" name="verifyPasswordField" time="0.115"/>
  <testcase classname="Testng.Selenium.Demo.TestNGDemo" name="verifyDOBField" time="0.280"/>
  <testcase classname="Testng.Selenium.Demo.TestNGDemo" name="verifyGenderField" time="0.162"/>
  <testcase classname="Testng.Selenium.Demo.TestNGDemo" name="logIn" time="0.127"/>
</testsuite> <!-- Testng.Selenium.Demo.TestNGDemo -->
