<?xml version="1.0" encoding="UTF-8"?>
<!-- Generated by org.testng.reporters.JUnitReportReporter -->
<testsuite hostname="kalpesh16" failures="0" tests="7" name="Testng.Selenium.Demo.DataProviderInTestNG" time="4.752" errors="0" timestamp="23 Sep 2021 17:48:02 GMT" skipped="0">
  <testcase classname="Testng.Selenium.Demo.DataProviderInTestNG" name="launchBrowser" time="2.555"/>
  <testcase classname="Testng.Selenium.Demo.DataProviderInTestNG" name="firstName_lastName" time="0.305"/>
  <testcase classname="Testng.Selenium.Demo.DataProviderInTestNG" name="firstName_lastName" time="0.833"/>
  <testcase classname="Testng.Selenium.Demo.DataProviderInTestNG" name="firstName_lastName" time="0.329"/>
  <testcase classname="Testng.Selenium.Demo.DataProviderInTestNG" name="mobNo_password" time="0.224"/>
  <testcase classname="Testng.Selenium.Demo.DataProviderInTestNG" name="mobNo_password" time="0.282"/>
  <testcase classname="Testng.Selenium.Demo.DataProviderInTestNG" name="mobNo_password" time="0.224"/>
</testsuite> <!-- Testng.Selenium.Demo.DataProviderInTestNG -->
