<?xml version="1.0" encoding="UTF-8"?>
<!-- Generated by org.testng.reporters.JUnitReportReporter -->
<testsuite hostname="kalpesh16" failures="0" tests="7" name="Testng.Selenium.Demo.TestngGroups" time="5.879" errors="0" timestamp="22 Sep 2021 14:43:36 GMT" skipped="0">
  <testcase classname="Testng.Selenium.Demo.TestngGroups" name="launchBrowser" time="4.066"/>
  <testcase classname="Testng.Selenium.Demo.TestngGroups" name="verifyCreateNewAccountField" time="0.155"/>
  <testcase classname="Testng.Selenium.Demo.TestngGroups" name="verifyFirstNameField" time="0.784"/>
  <testcase classname="Testng.Selenium.Demo.TestngGroups" name="verifyMobileNoField" time="0.162"/>
  <testcase classname="Testng.Selenium.Demo.TestngGroups" name="verifyDOBField" time="0.358"/>
  <testcase classname="Testng.Selenium.Demo.TestngGroups" name="logIn" time="0.159"/>
  <testcase classname="Testng.Selenium.Demo.TestngGroups" name="terminateBrowser" time="0.195"/>
</testsuite> <!-- Testng.Selenium.Demo.TestngGroups -->
