<?xml version="1.0" encoding="UTF-8"?>
<!-- Generated by org.testng.reporters.JUnitReportReporter -->
<testsuite hostname="kalpesh16" failures="0" tests="1" name="Testng.Selenium.Demo.Flipkart" time="11.704" errors="0" timestamp="20 Sep 2021 14:46:37 GMT" skipped="0">
  <testcase classname="Testng.Selenium.Demo.Flipkart" name="searchAndSelectProduct" time="11.704"/>
</testsuite> <!-- Testng.Selenium.Demo.Flipkart -->
