<?xml version="1.0" encoding="UTF-8"?>
<!-- Generated by org.testng.reporters.JUnitReportReporter -->
<testsuite hostname="kalpesh16" failures="0" tests="2" name="Testng.Selenium.Demo.EbayTestNG" time="10.772" errors="0" timestamp="22 Sep 2021 13:28:03 GMT" skipped="0">
  <testcase classname="Testng.Selenium.Demo.EbayTestNG" name="selectProduct" time="4.103"/>
  <testcase classname="Testng.Selenium.Demo.EbayTestNG" name="searchProduct" time="6.669"/>
</testsuite> <!-- Testng.Selenium.Demo.EbayTestNG -->
